<?xml version="1.0" encoding="UTF-8"?>
<testsuites name="TestListener_MakeAppointment_002" time="99.085" tests="1" failures="0" errors="0">
   <testsuite name="TestListener_MakeAppointment_002" tests="1" failures="0" errors="0" time="99.085" skipped="0" timestamp="2024-01-20 12:58:37" hostname="rajes - RAJESHBANDARU" id="Test Suites/CURA_TestListener_Makeappointment_002/TestListener_MakeAppointment_002">
      <properties>
[...]
</properties>
      <testcase name="Test Cases/CURA_Health_Services/TC_CHS_MAKEAppointment_002" time="56.342" classname="Test Cases/CURA_Health_Services/TC_CHS_MAKEAppointment_002" status="PASSED">
         <system-out><![CDATA[2024-01-20 12:59:20 - [TEST_CASE][PASSED] - Test Cases/CURA_Health_Services/TC_CHS_MAKEAppointment_002: Test Cases/CURA_Health_Services/TC_CHS_MAKEAppointment_002

2024-01-20 12:59:20 - [TEST_STEP][PASSED] - Start listener action : sampleBeforeTestCase: Object: 'Object Repository/CURA_HS_All_Buttons_OR/Page_CURA Healthcare Service/button_Login' is clicked on

2024-01-20 12:59:20 - [TEST_STEP][PASSED] - setText(findTestObject("CURA_HS_All_Buttons_OR/Page_CURA Healthcare Service/input_Username_username"), "John Doe"): Text 'John Doe' is set on object 'Object Repository/CURA_HS_All_Buttons_OR/Page_CURA Healthcare Service/input_Username_username'

2024-01-20 12:59:27 - [MESSAGE][PASSED] - Text 'John Doe' is set on object 'Object Repository/CURA_HS_All_Buttons_OR/Page_CURA Healthcare Service/input_Username_username'

2024-01-20 12:59:27 - [TEST_STEP][PASSED] - setEncryptedText(findTestObject("CURA_HS_All_Buttons_OR/Page_CURA Healthcare Service/input_Password_password"), "g3/DOGG74jC3Flrr3yH+3D/yKbOqqUNM"): Text ****** has been set on object 'Object Repository/CURA_HS_All_Buttons_OR/Page_CURA Healthcare Service/input_Password_password'

2024-01-20 12:59:30 - [MESSAGE][PASSED] - Text ****** has been set on object 'Object Repository/CURA_HS_All_Buttons_OR/Page_CURA Healthcare Service/input_Password_password'

2024-01-20 12:59:30 - [TEST_STEP][PASSED] - click(findTestObject("CURA_HS_All_Buttons_OR/Page_CURA Healthcare Service/button_Login")): Object: 'Object Repository/CURA_HS_All_Buttons_OR/Page_CURA Healthcare Service/button_Login' is clicked on

2024-01-20 12:59:34 - [MESSAGE][PASSED] - Object: 'Object Repository/CURA_HS_All_Buttons_OR/Page_CURA Healthcare Service/button_Login' is clicked on

2024-01-20 12:59:34 - [TEST_STEP][PASSED] - Start listener action : sampleBeforeTestCase: null

2024-01-20 12:59:34 - [TEST_STEP][PASSED] - Start listener action : sampleBeforeTestCase: null

2024-01-20 12:59:34 - [TEST_STEP][PASSED] - selectOptionByValue(findTestObject("Object Repository/CURAHealthcareService_MAKEAppointment_OR_002/Page_CURA Healthcare Service/Facility"), "Hongkong CURA Healthcare Center", true): All options with value 'Hongkong CURA Healthcare Center' are selected in object 'Object Repository/CURAHealthcareService_MAKEAppointment_OR_002/Page_CURA Healthcare Service/Facility'  using regular expression

2024-01-20 12:59:48 - [MESSAGE][PASSED] - All options with value 'Hongkong CURA Healthcare Center' are selected in object 'Object Repository/CURAHealthcareService_MAKEAppointment_OR_002/Page_CURA Healthcare Service/Facility'  using regular expression

2024-01-20 12:59:48 - [TEST_STEP][PASSED] - click(findTestObject("CURA_HS_All_Buttons_OR/Page_CURA Healthcare Service/input_Apply for hospital readmission_hospital_readmission")): Object: 'Object Repository/CURA_HS_All_Buttons_OR/Page_CURA Healthcare Service/input_Apply for hospital readmission_hospital_readmission' is clicked on

2024-01-20 12:59:51 - [MESSAGE][PASSED] - Object: 'Object Repository/CURA_HS_All_Buttons_OR/Page_CURA Healthcare Service/input_Apply for hospital readmission_hospital_readmission' is clicked on

2024-01-20 12:59:51 - [TEST_STEP][PASSED] - check(findTestObject("CURA_HS_All_Buttons_OR/Page_CURA Healthcare Service/input_Medicaid_programs")): Object 'Object Repository/CURA_HS_All_Buttons_OR/Page_CURA Healthcare Service/input_Medicaid_programs' is checked

2024-01-20 12:59:55 - [MESSAGE][PASSED] - Object 'Object Repository/CURA_HS_All_Buttons_OR/Page_CURA Healthcare Service/input_Medicaid_programs' is checked

2024-01-20 12:59:55 - [TEST_STEP][PASSED] - setText(findTestObject("CURA_HS_All_Buttons_OR/Page_CURA Healthcare Service/input_Visit Date (Required)_visit_date"), "29/01/2024"): Text '29/01/2024' is set on object 'Object Repository/CURA_HS_All_Buttons_OR/Page_CURA Healthcare Service/input_Visit Date (Required)_visit_date'

2024-01-20 13:00:01 - [MESSAGE][PASSED] - Text '29/01/2024' is set on object 'Object Repository/CURA_HS_All_Buttons_OR/Page_CURA Healthcare Service/input_Visit Date (Required)_visit_date'

2024-01-20 13:00:01 - [TEST_STEP][PASSED] - setText(findTestObject("CURA_HS_All_Buttons_OR/Page_CURA Healthcare Service/textarea_Comment_comment"), "Hello Doctor"): Text 'Hello Doctor' is set on object 'Object Repository/CURA_HS_All_Buttons_OR/Page_CURA Healthcare Service/textarea_Comment_comment'

2024-01-20 13:00:07 - [MESSAGE][PASSED] - Text 'Hello Doctor' is set on object 'Object Repository/CURA_HS_All_Buttons_OR/Page_CURA Healthcare Service/textarea_Comment_comment'

2024-01-20 13:00:07 - [TEST_STEP][PASSED] - click(findTestObject("Object Repository/CURAHealthcareService_MAKEAppointment_OR_002/Page_CURA Healthcare Service/button_Book Appointment")): Object: 'Object Repository/CURAHealthcareService_MAKEAppointment_OR_002/Page_CURA Healthcare Service/button_Book Appointment' is clicked on

2024-01-20 13:00:10 - [MESSAGE][PASSED] - Object: 'Object Repository/CURAHealthcareService_MAKEAppointment_OR_002/Page_CURA Healthcare Service/button_Book Appointment' is clicked on

2024-01-20 13:00:10 - [TEST_STEP][PASSED] - Start listener action : sampleAfterTestCase: Object: 'Object Repository/CURA_HS_All_Buttons_OR/Page_CURA Healthcare Service/a_Logout' is clicked on

2024-01-20 13:00:10 - [TEST_STEP][PASSED] - click(findTestObject("Object Repository/CURAHealthcareService_LOGOUT_OR_004/Page_CURA Healthcare Service/a_CURA Healthcare_menu-toggle")): Object: 'Object Repository/CURAHealthcareService_LOGOUT_OR_004/Page_CURA Healthcare Service/a_CURA Healthcare_menu-toggle' is clicked on

2024-01-20 13:00:13 - [MESSAGE][PASSED] - Object: 'Object Repository/CURAHealthcareService_LOGOUT_OR_004/Page_CURA Healthcare Service/a_CURA Healthcare_menu-toggle' is clicked on

2024-01-20 13:00:13 - [TEST_STEP][PASSED] - click(findTestObject("CURA_HS_All_Buttons_OR/Page_CURA Healthcare Service/a_Logout")): Object: 'Object Repository/CURA_HS_All_Buttons_OR/Page_CURA Healthcare Service/a_Logout' is clicked on

2024-01-20 13:00:16 - [MESSAGE][PASSED] - Object: 'Object Repository/CURA_HS_All_Buttons_OR/Page_CURA Healthcare Service/a_Logout' is clicked on

2024-01-20 13:00:16 - [TEST_STEP][PASSED] - Start listener action : sampleAfterTestCase: null

2024-01-20 13:00:16 - [TEST_STEP][PASSED] - Start listener action : sampleAfterTestCase: null]]></system-out>
         <system-err><![CDATA[]]></system-err>
      </testcase>
      <system-out><![CDATA[2024-01-20 12:58:37 - [TEST_SUITE][PASSED] - TestListener_MakeAppointment_002: Test Cases/CURA_Health_Services/TC_CHS_MAKEAppointment_002]]></system-out>
      <system-err><![CDATA[]]></system-err>
   </testsuite>
</testsuites>
